Enter the filename: 
 From Code: Am I entering here
N index:0 o index:1 t index:2 h index:3 i index:4 n index:5 g index:6   index:7 G index:8 e index:9 
 From Code: Am I entering here
c index:0 o index:1 u index:2 l index:3 d index:4   index:5 g index:6   index:7 G index:8 e index:9 
 From Code: Am I entering here
b index:0 e index:1   index:2 l index:3 d index:4   index:5 g index:6   index:7 G index:8 e index:9 
 From Code: Am I entering here
e index:0 v index:1 e index:2 r index:3   index:4   index:5 g index:6   index:7 G index:8 e index:9 
 From Code: Am I entering here
h index:0 e index:1 r index:2 e index:3 . index:4   index:5 g index:6   index:7 G index:8 e index:9 
 From Code: Am I entering here
 index:0 e index:1 r index:2 e index:3 . index:4   index:5 g index:6   index:7 G index:8 e index:9 
 From Code: Am I entering here

 index:0 H index:1 o index:2 w index:3   index:4   index:5 g index:6   index:7 G index:8 e index:9 
 From Code: Am I entering here
c index:0 o index:1 u index:2 l index:3 d index:4   index:5 g index:6   index:7 G index:8 e index:9 
 From Code: Am I entering here
t index:0 h index:1 i index:2 s index:3   index:4   index:5 g index:6   index:7 G index:8 e index:9 
 From Code: Am I entering here
b index:0 e index:1 ? index:2  index:3   index:4   index:5 g index:6   index:7 G index:8 e index:9 
 From Code: Am I entering here

 index:0 I index:1   index:2  index:3   index:4   index:5 g index:6   index:7 G index:8 e index:9 
 From Code: Am I entering here
a index:0 m index:1   index:2  index:3   index:4   index:5 g index:6   index:7 G index:8 e index:9 
 From Code: Am I entering here
t index:0 r index:1 y index:2 i index:3 n index:4 g index:5   index:6   index:7 G index:8 e index:9 
 From Code: Am I entering here
t index:0 o index:1   index:2 i index:3 n index:4 g index:5   index:6   index:7 G index:8 e index:9 
 From Code: Am I entering here
c index:0 o index:1 u index:2 n index:3 t index:4   index:5   index:6   index:7 G index:8 e index:9 
From code: Entering the true part of the function

 From Code: Am I entering here
t index:0 h index:1 e index:2   index:3 t index:4   index:5   index:6   index:7 G index:8 e index:9 
 From Code: Am I entering here
n index:0 u index:1 m index:2 b index:3 e index:4 r index:5   index:6   index:7 G index:8 e index:9 
 From Code: Am I entering here
o index:0 f index:1   index:2 b index:3 e index:4 r index:5   index:6   index:7 G index:8 e index:9 
 From Code: Am I entering here
c index:0 o index:1 u index:2 n index:3 t index:4 s index:5   index:6   index:7 G index:8 e index:9 
 From Code: Am I entering here
p index:0 r index:1 e index:2 s index:3 e index:4 n index:5 t index:6   index:7 G index:8 e index:9 
 From Code: Am I entering here
i index:0 n index:1   index:2 s index:3 e index:4 n index:5 t index:6   index:7 G index:8 e index:9 
 From Code: Am I entering here
t index:0 h index:1 i index:2 s index:3   index:4 n index:5 t index:6   index:7 G index:8 e index:9 
 From Code: Am I entering here
c index:0 o index:1 d index:2 e index:3 . index:4 n index:5 t index:6   index:7 G index:8 e index:9 
 From Code: Am I entering here
 index:0 o index:1 d index:2 e index:3 . index:4 n index:5 t index:6   index:7 G index:8 e index:9 
 From Code: Am I entering here

 index:0 T index:1 h index:2 e index:3   index:4 n index:5 t index:6   index:7 G index:8 e index:9 
 From Code: Am I entering here
o index:0 u index:1 t index:2 p index:3 u index:4 t index:5   index:6   index:7 G index:8 e index:9 
 From Code: Am I entering here
o index:0 f index:1   index:2 p index:3 u index:4 t index:5   index:6   index:7 G index:8 e index:9 
 From Code: Am I entering here
t index:0 h index:1 i index:2 s index:3   index:4 t index:5   index:6   index:7 G index:8 e index:9 
 From Code: Am I entering here
s index:0 h index:1 o index:2 u index:3 l index:4 d index:5   index:6   index:7 G index:8 e index:9 
 From Code: Am I entering here
b index:0 e index:1   index:2 u index:3 l index:4 d index:5   index:6   index:7 G index:8 e index:9 
 From Code: Am I entering here
o index:0 n index:1 l index:2 y index:3   index:4 d index:5   index:6   index:7 G index:8 e index:9 
 From Code: Am I entering here
2 index:0   index:1 l index:2 y index:3   index:4 d index:5   index:6   index:7 G index:8 e index:9 
 From Code: Am I entering here
c index:0 o index:1 u index:2 n index:3 t index:4 s index:5 . index:6   index:7 G index:8 e index:9 
 From Code: Am I entering here
 index:0 o index:1 u index:2 n index:3 t index:4 s index:5 . index:6   index:7 G index:8 e index:9 
 From Code: Am I entering here

 index:0 c index:1 o index:2 u index:3 n index:4 t index:5  index:6   index:7 G index:8 e index:9 
 From Code: Am I entering here

 index:0 c index:1 o index:2 u index:3 n index:4 t index:5 . index:6   index:7 G index:8 e index:9 
 From Code: Am I entering here
 index:0 c index:1 o index:2 u index:3 n index:4 t index:5 . index:6   index:7 G index:8 e index:9 
 From Code: Am I entering here

 index:0 c index:1 o index:2 u index:3 n index:4 t index:5   index:6   index:7 G index:8 e index:9 
Whitespaces are: 28
Carriage Return are: 6
number of count in the text file are: 1
